0 info it worked if it ends with ok
1 verbose cli [ '/usr/local/bin/node',
1 verbose cli   '/usr/local/bin/npm',
1 verbose cli   'run',
1 verbose cli   'test:single' ]
2 info using npm@3.10.3
3 info using node@v6.5.0
4 verbose run-script [ 'pretest:single', 'test:single', 'posttest:single' ]
5 info lifecycle react-tdd@1.0.0~pretest:single: react-tdd@1.0.0
6 silly lifecycle react-tdd@1.0.0~pretest:single: no script for pretest:single, continuing
7 info lifecycle react-tdd@1.0.0~test:single: react-tdd@1.0.0
8 verbose lifecycle react-tdd@1.0.0~test:single: unsafe-perm in lifecycle true
9 verbose lifecycle react-tdd@1.0.0~test:single: PATH: /usr/local/lib/node_modules/npm/bin/node-gyp-bin:/Users/bhuang/ben-github/react-tdd/node_modules/.bin:/usr/local/bin:/Library/Frameworks/Python.framework/Versions/3.6/bin:/Library/Frameworks/Python.framework/Versions/2.7/bin:/usr/local/bin:/usr/bin:/bin:/usr/sbin:/sbin:/usr/local/share/dotnet:/Library/Frameworks/Mono.framework/Versions/Current/Commands:/Library/Frameworks/Python.framework/Versions/3.6/bin:/Library/Frameworks/Python.framework/Versions/2.7/bin
10 verbose lifecycle react-tdd@1.0.0~test:single: CWD: /Users/bhuang/ben-github/react-tdd
11 silly lifecycle react-tdd@1.0.0~test:single: Args: [ '-c', 'mocha "tests/addition.test.js"' ]
12 silly lifecycle react-tdd@1.0.0~test:single: Returned: code: 1  signal: null
13 info lifecycle react-tdd@1.0.0~test:single: Failed to exec test:single script
14 verbose stack Error: react-tdd@1.0.0 test:single: `mocha "tests/addition.test.js"`
14 verbose stack Exit status 1
14 verbose stack     at EventEmitter.<anonymous> (/usr/local/lib/node_modules/npm/lib/utils/lifecycle.js:242:16)
14 verbose stack     at emitTwo (events.js:106:13)
14 verbose stack     at EventEmitter.emit (events.js:191:7)
14 verbose stack     at ChildProcess.<anonymous> (/usr/local/lib/node_modules/npm/lib/utils/spawn.js:40:14)
14 verbose stack     at emitTwo (events.js:106:13)
14 verbose stack     at ChildProcess.emit (events.js:191:7)
14 verbose stack     at maybeClose (internal/child_process.js:877:16)
14 verbose stack     at Process.ChildProcess._handle.onexit (internal/child_process.js:226:5)
15 verbose pkgid react-tdd@1.0.0
16 verbose cwd /Users/bhuang/ben-github/react-tdd
17 error Darwin 16.7.0
18 error argv "/usr/local/bin/node" "/usr/local/bin/npm" "run" "test:single"
19 error node v6.5.0
20 error npm  v3.10.3
21 error code ELIFECYCLE
22 error react-tdd@1.0.0 test:single: `mocha "tests/addition.test.js"`
22 error Exit status 1
23 error Failed at the react-tdd@1.0.0 test:single script 'mocha "tests/addition.test.js"'.
23 error Make sure you have the latest version of node.js and npm installed.
23 error If you do, this is most likely a problem with the react-tdd package,
23 error not with npm itself.
23 error Tell the author that this fails on your system:
23 error     mocha "tests/addition.test.js"
23 error You can get information on how to open an issue for this project with:
23 error     npm bugs react-tdd
23 error Or if that isn't available, you can get their info via:
23 error     npm owner ls react-tdd
23 error There is likely additional logging output above.
24 verbose exit [ 1, true ]
